<?xml version="1.0" encoding="UTF-8"?>
<!-- Generated by org.testng.reporters.JUnitXMLReporter -->
<testsuite ignored="27" hostname="LAPTOP-BM75QIK9" failures="4" tests="34" name="Test" time="1300.619" errors="0" timestamp="2022-05-09T19:24:55 IST">
  <testcase classname="com.payroll.testcases.TimesheetTest" name="generatePaySlipUpload" time="12.496"/>
  <testcase classname="com.payroll.testcases.LoginTest" name="validateURL" time="0.033"/>
  <testcase classname="com.payroll.testcases.WorkersTest" name="verifyClientSearch" time="5.347"/>
  <testcase classname="com.payroll.testcases.LoginTest" name="loginTestTitle" time="3.415"/>
  <testcase classname="com.payroll.testcases.WorkersTest" name="verifyFirstNameSearchBtn" time="5.252"/>
  <testcase classname="com.payroll.testcases.LoginTest" name="validateInvalidLogin1" time="0.49"/>
  <testcase classname="com.payroll.testcases.LoginTest" name="validateInvalidLogin1" time="4.451"/>
  <testcase classname="com.payroll.testcases.WorkersTest" name="verifyCreateWorkerPossible" time="12.3"/>
  <testcase classname="com.payroll.testcases.LoginTest" name="validateInvalidLogin" time="0.907"/>
  <testcase classname="com.payroll.testcases.HomePageTest" name="validateHomeScreenMesg" time="7.404"/>
  <testcase classname="com.payroll.testcases.LoginTest" name="validateReset" time="4.345"/>
  <testcase classname="com.payroll.testcases.CompanyTest" name="companyBtnVerify" time="3.617"/>
  <testcase classname="com.payroll.testcases.HomePageTest" name="homeValidateLogo" time="5.005"/>
  <testcase classname="com.payroll.testcases.CompanyTest" name="companyBtnVerifyAlertMesg" time="3.283"/>
  <testcase classname="com.payroll.testcases.ClientTest" name="verifyClientSearch" time="6.161"/>
  <testcase classname="com.payroll.testcases.ClientTest" name="verifySearchByName" time="23.504">
    <failure type="org.openqa.selenium.StaleElementReferenceException" message="stale element reference: element is not attached to the page document
  (Session info: MicrosoftEdge=101.0.1210.39)
For documentation on this error, please visit: https://selenium.dev/exceptions/#stale_element_reference
Build info: version: &amp;apos;4.1.2&amp;apos;, revision: &amp;apos;9a5a329c5a&amp;apos;
System info: host: &amp;apos;LAPTOP-BM75QIK9&amp;apos;, ip: &amp;apos;192.168.29.165&amp;apos;, os.name: &amp;apos;Windows 10&amp;apos;, os.arch: &amp;apos;amd64&amp;apos;, os.version: &amp;apos;10.0&amp;apos;, java.version: &amp;apos;17.0.2&amp;apos;
Driver info: org.openqa.selenium.edge.EdgeDriver
Command: [2003f71093c31b3616f94f02f5729f2b, isElementDisplayed {id=5e28ae5f-d9d8-4101-8300-e103223d0263}]
Capabilities {acceptInsecureCerts: false, browserName: msedge, browserVersion: 101.0.1210.39, javascriptEnabled: true, ms:edgeOptions: {debuggerAddress: localhost:62356}, msedge: {msedgedriverVersion: 101.0.1210.32 (f7af80761c68..., userDataDir: C:\Users\Binu\AppData\Local...}, networkConnectionEnabled: false, pageLoadStrategy: normal, platform: WINDOWS, platformName: WINDOWS, proxy: Proxy(), se:cdp: ws://localhost:62356/devtoo..., se:cdpVersion: 101.0.1210.39, setWindowRect: true, strictFileInteractability: false, timeouts: {implicit: 0, pageLoad: 300000, script: 30000}, unhandledPromptBehavior: dismiss and notify, webauthn:extension:credBlob: true, webauthn:extension:largeBlob: true, webauthn:virtualAuthenticators: true}
Element: [[EdgeDriver: msedge on WINDOWS (2003f71093c31b3616f94f02f5729f2b)] -&amp;gt; xpath: //td[normalize-space()=&amp;apos;Sam&amp;apos;]]
Session ID: 2003f71093c31b3616f94f02f5729f2b">
      <![CDATA[org.openqa.selenium.StaleElementReferenceException: stale element reference: element is not attached to the page document
  (Session info: MicrosoftEdge=101.0.1210.39)
For documentation on this error, please visit: https://selenium.dev/exceptions/#stale_element_reference
Build info: version: '4.1.2', revision: '9a5a329c5a'
System info: host: 'LAPTOP-BM75QIK9', ip: '192.168.29.165', os.name: 'Windows 10', os.arch: 'amd64', os.version: '10.0', java.version: '17.0.2'
Driver info: org.openqa.selenium.edge.EdgeDriver
Command: [2003f71093c31b3616f94f02f5729f2b, isElementDisplayed {id=5e28ae5f-d9d8-4101-8300-e103223d0263}]
Capabilities {acceptInsecureCerts: false, browserName: msedge, browserVersion: 101.0.1210.39, javascriptEnabled: true, ms:edgeOptions: {debuggerAddress: localhost:62356}, msedge: {msedgedriverVersion: 101.0.1210.32 (f7af80761c68..., userDataDir: C:\Users\Binu\AppData\Local...}, networkConnectionEnabled: false, pageLoadStrategy: normal, platform: WINDOWS, platformName: WINDOWS, proxy: Proxy(), se:cdp: ws://localhost:62356/devtoo..., se:cdpVersion: 101.0.1210.39, setWindowRect: true, strictFileInteractability: false, timeouts: {implicit: 0, pageLoad: 300000, script: 30000}, unhandledPromptBehavior: dismiss and notify, webauthn:extension:credBlob: true, webauthn:extension:largeBlob: true, webauthn:virtualAuthenticators: true}
Element: [[EdgeDriver: msedge on WINDOWS (2003f71093c31b3616f94f02f5729f2b)] -> xpath: //td[normalize-space()='Sam']]
Session ID: 2003f71093c31b3616f94f02f5729f2b
at org.openqa.selenium.remote.codec.w3c.W3CHttpResponseCodec.createException(W3CHttpResponseCodec.java:200)
at org.openqa.selenium.remote.codec.w3c.W3CHttpResponseCodec.decode(W3CHttpResponseCodec.java:133)
at org.openqa.selenium.remote.codec.w3c.W3CHttpResponseCodec.decode(W3CHttpResponseCodec.java:53)
at org.openqa.selenium.remote.HttpCommandExecutor.execute(HttpCommandExecutor.java:184)
at org.openqa.selenium.remote.service.DriverCommandExecutor.invokeExecute(DriverCommandExecutor.java:167)
at org.openqa.selenium.remote.service.DriverCommandExecutor.execute(DriverCommandExecutor.java:142)
at org.openqa.selenium.remote.RemoteWebDriver.execute(RemoteWebDriver.java:558)
at org.openqa.selenium.remote.RemoteWebElement.execute(RemoteWebElement.java:251)
at org.openqa.selenium.remote.RemoteWebElement.isDisplayed(RemoteWebElement.java:307)
at org.openqa.selenium.support.pagefactory.internal.LocatingElementHandler.invoke(LocatingElementHandler.java:52)
at jdk.proxy2/jdk.proxy2.$Proxy16.isDisplayed(Unknown Source)
at com.payroll.pageobjects.Clients.searchClients(Clients.java:156)
at com.payroll.testcases.ClientTest.verifySearchByName(ClientTest.java:51)
at java.base/java.util.ArrayList.forEach(ArrayList.java:1511)
at java.base/java.util.concurrent.FutureTask.run(FutureTask.java:264)
at java.base/java.util.concurrent.ThreadPoolExecutor.runWorker(ThreadPoolExecutor.java:1136)
at java.base/java.util.concurrent.ThreadPoolExecutor$Worker.run(ThreadPoolExecutor.java:635)
at java.base/java.lang.Thread.run(Thread.java:833)
... Removed 26 stack frames]]>
    </failure>
  </testcase> <!-- verifySearchByName -->
  <testcase classname="com.payroll.testcases.ClientTest" name="verifySearchByID" time="4.727"/>
  <testcase classname="com.payroll.testcases.ClientTest" name="verifyResetBtn" time="6.04">
    <failure type="java.lang.AssertionError" message="expected [3] but found [samantha]">
      <![CDATA[java.lang.AssertionError: expected [3] but found [samantha]
at com.payroll.testcases.ClientTest.verifyResetBtn(ClientTest.java:79)
at java.base/java.util.ArrayList.forEach(ArrayList.java:1511)
at java.base/java.util.concurrent.FutureTask.run(FutureTask.java:264)
at java.base/java.util.concurrent.ThreadPoolExecutor.runWorker(ThreadPoolExecutor.java:1136)
at java.base/java.util.concurrent.ThreadPoolExecutor$Worker.run(ThreadPoolExecutor.java:635)
at java.base/java.lang.Thread.run(Thread.java:833)
... Removed 24 stack frames]]>
    </failure>
  </testcase> <!-- verifyResetBtn -->
  <testcase classname="com.payroll.testcases.ClientTest" name="verifyCreateClient" time="36.635"/>
  <testcase classname="com.payroll.testcases.ClientTest" name="viewExistingUserVerify" time="8.29"/>
  <testcase classname="com.payroll.testcases.ClientTest" name="verifyEditExistingClient" time="5.683"/>
  <testcase classname="com.payroll.testcases.WorkersTest" name="createNewWorker1" time="44.121"/>
  <testcase classname="com.payroll.testcases.DeductionTest" name="verifyClientSearch" time="5.939"/>
  <testcase classname="com.payroll.testcases.DeductionTest" name="verifyDeductionWorkersEyeBtn" time="3.825"/>
  <testcase classname="com.payroll.testcases.DeductionTest" name="verifyAddDeductionPage" time="6.207">
    <failure type="java.lang.IndexOutOfBoundsException" message="Index 0 out of bounds for length 0">
      <![CDATA[java.lang.IndexOutOfBoundsException: Index 0 out of bounds for length 0
at java.base/jdk.internal.util.Preconditions.outOfBounds(Preconditions.java:64)
at java.base/jdk.internal.util.Preconditions.outOfBoundsCheckIndex(Preconditions.java:70)
at java.base/jdk.internal.util.Preconditions.checkIndex(Preconditions.java:266)
at java.base/java.util.Objects.checkIndex(Objects.java:359)
at java.base/java.util.ArrayList.get(ArrayList.java:427)
at com.payroll.pageobjects.Deduction.addDeduction(Deduction.java:65)
at com.payroll.testcases.DeductionTest.verifyAddDeductionPage(DeductionTest.java:55)
at java.base/java.util.ArrayList.forEach(ArrayList.java:1511)
at java.base/java.util.concurrent.FutureTask.run(FutureTask.java:264)
at java.base/java.util.concurrent.ThreadPoolExecutor.runWorker(ThreadPoolExecutor.java:1136)
at java.base/java.util.concurrent.ThreadPoolExecutor$Worker.run(ThreadPoolExecutor.java:635)
at java.base/java.lang.Thread.run(Thread.java:833)
... Removed 18 stack frames]]>
    </failure>
  </testcase> <!-- verifyAddDeductionPage -->
  <testcase classname="com.payroll.testcases.TimesheetTest" name="validateTimeSheetApprove" time="5.405">
    <failure type="java.lang.AssertionError" message="expected [Approved] but found [Pending]">
      <![CDATA[java.lang.AssertionError: expected [Approved] but found [Pending]
at com.payroll.testcases.TimesheetTest.validateTimeSheetApprove(TimesheetTest.java:59)
at java.base/java.util.ArrayList.forEach(ArrayList.java:1511)
at java.base/java.util.concurrent.FutureTask.run(FutureTask.java:264)
at java.base/java.util.concurrent.ThreadPoolExecutor.runWorker(ThreadPoolExecutor.java:1136)
at java.base/java.util.concurrent.ThreadPoolExecutor$Worker.run(ThreadPoolExecutor.java:635)
at java.base/java.lang.Thread.run(Thread.java:833)
... Removed 24 stack frames]]>
    </failure>
  </testcase> <!-- validateTimeSheetApprove -->
  <testcase classname="com.payroll.testcases.ReportTest" name="verifyClientSearch" time="7.157"/>
  <testcase classname="com.payroll.testcases.ReportTest" name="verifyExportPageDetails" time="8.923"/>
  <testcase classname="com.payroll.testcases.ReportTest" name="verifyGraphicalData" time="12.913"/>
  <testcase classname="com.payroll.testcases.LogoutTest" name="logoutVerify" time="3.617"/>
  <testcase classname="com.payroll.testcases.LogoutTest" name="logoutFullProfileLinkVerify" time="4.563"/>
  <testcase classname="com.payroll.testcases.PayslipTest" name="verifyPaySlipSummary" time="4.204"/>
  <testcase classname="com.payroll.testcases.PayslipTest" name="validateDownloadPayslip" time="47.828"/>
  <testcase classname="com.payroll.testcases.PayslipTest" name="validatePagination" time="6.4"/>
  <testcase classname="com.payroll.baseclass.BaseClass" name="@AfterSuite aftersuite" time="0.0">
    <ignored/>
  </testcase> <!-- @AfterSuite aftersuite -->
  <testcase classname="com.payroll.baseclass.BaseClass" name="@AfterSuite aftersuite" time="0.0">
    <ignored/>
  </testcase> <!-- @AfterSuite aftersuite -->
  <testcase classname="com.payroll.baseclass.BaseClass" name="@AfterSuite aftersuite" time="0.0">
    <ignored/>
  </testcase> <!-- @AfterSuite aftersuite -->
  <testcase classname="com.payroll.baseclass.BaseClass" name="@AfterSuite aftersuite" time="0.0">
    <ignored/>
  </testcase> <!-- @AfterSuite aftersuite -->
  <testcase classname="com.payroll.baseclass.BaseClass" name="@AfterSuite aftersuite" time="0.0">
    <ignored/>
  </testcase> <!-- @AfterSuite aftersuite -->
  <testcase classname="com.payroll.baseclass.BaseClass" name="@BeforeSuite beforeSuiteLog" time="0.0">
    <ignored/>
  </testcase> <!-- @BeforeSuite beforeSuiteLog -->
  <testcase classname="com.payroll.baseclass.BaseClass" name="@BeforeTest loadConfig" time="0.0">
    <ignored/>
  </testcase> <!-- @BeforeTest loadConfig -->
  <testcase classname="com.payroll.baseclass.BaseClass" name="@AfterSuite aftersuite" time="0.0">
    <ignored/>
  </testcase> <!-- @AfterSuite aftersuite -->
  <testcase classname="com.payroll.baseclass.BaseClass" name="@BeforeSuite beforeSuiteLog" time="0.0">
    <ignored/>
  </testcase> <!-- @BeforeSuite beforeSuiteLog -->
  <testcase classname="com.payroll.baseclass.BaseClass" name="@BeforeTest loadConfig" time="0.0">
    <ignored/>
  </testcase> <!-- @BeforeTest loadConfig -->
  <testcase classname="com.payroll.baseclass.BaseClass" name="@BeforeTest loadConfig" time="0.0">
    <ignored/>
  </testcase> <!-- @BeforeTest loadConfig -->
  <testcase classname="com.payroll.baseclass.BaseClass" name="@AfterSuite aftersuite" time="0.0">
    <ignored/>
  </testcase> <!-- @AfterSuite aftersuite -->
  <testcase classname="com.payroll.baseclass.BaseClass" name="@BeforeSuite beforeSuiteLog" time="0.0">
    <ignored/>
  </testcase> <!-- @BeforeSuite beforeSuiteLog -->
  <testcase classname="com.payroll.baseclass.BaseClass" name="@BeforeTest loadConfig" time="0.0">
    <ignored/>
  </testcase> <!-- @BeforeTest loadConfig -->
  <testcase classname="com.payroll.baseclass.BaseClass" name="@AfterSuite aftersuite" time="0.0">
    <ignored/>
  </testcase> <!-- @AfterSuite aftersuite -->
  <testcase classname="com.payroll.baseclass.BaseClass" name="@BeforeSuite beforeSuiteLog" time="0.0">
    <ignored/>
  </testcase> <!-- @BeforeSuite beforeSuiteLog -->
  <testcase classname="com.payroll.baseclass.BaseClass" name="@AfterSuite aftersuite" time="0.0">
    <ignored/>
  </testcase> <!-- @AfterSuite aftersuite -->
  <testcase classname="com.payroll.baseclass.BaseClass" name="@BeforeSuite beforeSuiteLog" time="0.0">
    <ignored/>
  </testcase> <!-- @BeforeSuite beforeSuiteLog -->
  <testcase classname="com.payroll.baseclass.BaseClass" name="@BeforeSuite beforeSuiteLog" time="0.0">
    <ignored/>
  </testcase> <!-- @BeforeSuite beforeSuiteLog -->
  <testcase classname="com.payroll.baseclass.BaseClass" name="@BeforeTest loadConfig" time="0.0">
    <ignored/>
  </testcase> <!-- @BeforeTest loadConfig -->
  <testcase classname="com.payroll.baseclass.BaseClass" name="@BeforeTest loadConfig" time="0.0">
    <ignored/>
  </testcase> <!-- @BeforeTest loadConfig -->
  <testcase classname="com.payroll.baseclass.BaseClass" name="@BeforeSuite beforeSuiteLog" time="0.0">
    <ignored/>
  </testcase> <!-- @BeforeSuite beforeSuiteLog -->
  <testcase classname="com.payroll.baseclass.BaseClass" name="@BeforeTest loadConfig" time="0.0">
    <ignored/>
  </testcase> <!-- @BeforeTest loadConfig -->
  <testcase classname="com.payroll.baseclass.BaseClass" name="@BeforeSuite beforeSuiteLog" time="0.0">
    <ignored/>
  </testcase> <!-- @BeforeSuite beforeSuiteLog -->
  <testcase classname="com.payroll.baseclass.BaseClass" name="@BeforeSuite beforeSuiteLog" time="0.0">
    <ignored/>
  </testcase> <!-- @BeforeSuite beforeSuiteLog -->
  <testcase classname="com.payroll.baseclass.BaseClass" name="@BeforeTest loadConfig" time="0.0">
    <ignored/>
  </testcase> <!-- @BeforeTest loadConfig -->
  <testcase classname="com.payroll.baseclass.BaseClass" name="@BeforeTest loadConfig" time="0.0">
    <ignored/>
  </testcase> <!-- @BeforeTest loadConfig -->
</testsuite> <!-- Test -->
