<html>
<head>
<title>TestNG:  Test</title>
<link href="../testng.css" rel="stylesheet" type="text/css" />
<link href="../my-testng.css" rel="stylesheet" type="text/css" />

<style type="text/css">
.log { display: none;} 
.stack-trace { display: none;} 
</style>
<script type="text/javascript">
<!--
function flip(e) {
  current = e.style.display;
  if (current == 'block') {
    e.style.display = 'none';
    return 0;
  }
  else {
    e.style.display = 'block';
    return 1;
  }
}

function toggleBox(szDivId, elem, msg1, msg2)
{
  var res = -1;  if (document.getElementById) {
    res = flip(document.getElementById(szDivId));
  }
  else if (document.all) {
    // this is the way old msie versions work
    res = flip(document.all[szDivId]);
  }
  if(elem) {
    if(res == 0) elem.innerHTML = msg1; else elem.innerHTML = msg2;
  }

}

function toggleAllBoxes() {
  if (document.getElementsByTagName) {
    d = document.getElementsByTagName('div');
    for (i = 0; i < d.length; i++) {
      if (d[i].className == 'log') {
        flip(d[i]);
      }
    }
  }
}

// -->
</script>

</head>
<body>
<h2 align='center'>Test</h2><table border='1' align="center">
<tr>
<td>Tests passed/Failed/Skipped:</td><td>30/4/0</td>
</tr><tr>
<td>Started on:</td><td>Mon May 09 19:03:14 IST 2022</td>
</tr>
<tr><td>Total time:</td><td>1300 seconds (1300619 ms)</td>
</tr><tr>
<td>Included groups:</td><td></td>
</tr><tr>
<td>Excluded groups:</td><td></td>
</tr>
</table><p/>
<small><i>(Hover the method name to see the test class name)</i></small><p/>
<table width='100%' border='1' class='invocation-failed'>
<tr><td colspan='4' align='center'><b>FAILED TESTS</b></td></tr>
<tr><td><b>Test method</b></td>
<td width="30%"><b>Exception</b></td>
<td width="10%"><b>Time (seconds)</b></td>
<td><b>Instance</b></td>
</tr>
<tr>
<td title='com.payroll.testcases.ClientTest.verifyResetBtn()'><b>verifyResetBtn</b><br>Test class: com.payroll.testcases.ClientTest</td>
<td><div><pre>java.lang.AssertionError: expected [3] but found [samantha]
	at com.payroll.testcases.ClientTest.verifyResetBtn(ClientTest.java:79)
	at java.base/java.util.ArrayList.forEach(ArrayList.java:1511)
	at java.base/java.util.concurrent.FutureTask.run(FutureTask.java:264)
	at java.base/java.util.concurrent.ThreadPoolExecutor.runWorker(ThreadPoolExecutor.java:1136)
	at java.base/java.util.concurrent.ThreadPoolExecutor$Worker.run(ThreadPoolExecutor.java:635)
	at java.base/java.lang.Thread.run(Thread.java:833)
... Removed 24 stack frames</pre></div><a href='#' onClick='toggleBox("stack-trace567783924", this, "Click to show all stack frames", "Click to hide stack frames")'>Click to show all stack frames</a>
<div class='stack-trace' id='stack-trace567783924'><pre>java.lang.AssertionError: expected [3] but found [samantha]
	at org.testng.Assert.fail(Assert.java:110)
	at org.testng.Assert.failNotEquals(Assert.java:1413)
	at org.testng.Assert.assertEqualsImpl(Assert.java:149)
	at org.testng.Assert.assertEquals(Assert.java:131)
	at org.testng.Assert.assertEquals(Assert.java:655)
	at org.testng.Assert.assertEquals(Assert.java:665)
	at com.payroll.testcases.ClientTest.verifyResetBtn(ClientTest.java:79)
	at java.base/jdk.internal.reflect.NativeMethodAccessorImpl.invoke0(Native Method)
	at java.base/jdk.internal.reflect.NativeMethodAccessorImpl.invoke(NativeMethodAccessorImpl.java:77)
	at java.base/jdk.internal.reflect.DelegatingMethodAccessorImpl.invoke(DelegatingMethodAccessorImpl.java:43)
	at java.base/java.lang.reflect.Method.invoke(Method.java:568)
	at org.testng.internal.invokers.MethodInvocationHelper.invokeMethod(MethodInvocationHelper.java:135)
	at org.testng.internal.invokers.TestInvoker.invokeMethod(TestInvoker.java:673)
	at org.testng.internal.invokers.TestInvoker.invokeTestMethod(TestInvoker.java:220)
	at org.testng.internal.invokers.MethodRunner.runInSequence(MethodRunner.java:50)
	at org.testng.internal.invokers.TestInvoker$MethodInvocationAgent.invoke(TestInvoker.java:945)
	at org.testng.internal.invokers.TestInvoker.invokeTestMethods(TestInvoker.java:193)
	at org.testng.internal.invokers.TestMethodWorker.invokeTestMethods(TestMethodWorker.java:146)
	at org.testng.internal.invokers.TestMethodWorker.run(TestMethodWorker.java:128)
	at java.base/java.util.ArrayList.forEach(ArrayList.java:1511)
	at org.testng.TestRunner.privateRun(TestRunner.java:808)
	at org.testng.TestRunner.run(TestRunner.java:603)
	at org.testng.SuiteRunner.runTest(SuiteRunner.java:429)
	at org.testng.SuiteRunner.access$000(SuiteRunner.java:32)
	at org.testng.SuiteRunner$SuiteWorker.run(SuiteRunner.java:467)
	at org.testng.internal.thread.ThreadUtil.lambda$execute$0(ThreadUtil.java:58)
	at java.base/java.util.concurrent.FutureTask.run(FutureTask.java:264)
	at java.base/java.util.concurrent.ThreadPoolExecutor.runWorker(ThreadPoolExecutor.java:1136)
	at java.base/java.util.concurrent.ThreadPoolExecutor$Worker.run(ThreadPoolExecutor.java:635)
	at java.base/java.lang.Thread.run(Thread.java:833)
</pre></div></td>
<td>6</td>
<td>com.payroll.testcases.ClientTest@3feb2dda</td></tr>
<tr>
<td title='com.payroll.testcases.ClientTest.verifySearchByName()'><b>verifySearchByName</b><br>Test class: com.payroll.testcases.ClientTest</td>
<td><div><pre>org.openqa.selenium.StaleElementReferenceException: stale element reference: element is not attached to the page document
  (Session info: MicrosoftEdge=101.0.1210.39)
For documentation on this error, please visit: https://selenium.dev/exceptions/#stale_element_reference
Build info: version: &apos;4.1.2&apos;, revision: &apos;9a5a329c5a&apos;
System info: host: &apos;LAPTOP-BM75QIK9&apos;, ip: &apos;192.168.29.165&apos;, os.name: &apos;Windows 10&apos;, os.arch: &apos;amd64&apos;, os.version: &apos;10.0&apos;, java.version: &apos;17.0.2&apos;
Driver info: org.openqa.selenium.edge.EdgeDriver
Command: [2003f71093c31b3616f94f02f5729f2b, isElementDisplayed {id=5e28ae5f-d9d8-4101-8300-e103223d0263}]
Capabilities {acceptInsecureCerts: false, browserName: msedge, browserVersion: 101.0.1210.39, javascriptEnabled: true, ms:edgeOptions: {debuggerAddress: localhost:62356}, msedge: {msedgedriverVersion: 101.0.1210.32 (f7af80761c68..., userDataDir: C:\Users\Binu\AppData\Local...}, networkConnectionEnabled: false, pageLoadStrategy: normal, platform: WINDOWS, platformName: WINDOWS, proxy: Proxy(), se:cdp: ws://localhost:62356/devtoo..., se:cdpVersion: 101.0.1210.39, setWindowRect: true, strictFileInteractability: false, timeouts: {implicit: 0, pageLoad: 300000, script: 30000}, unhandledPromptBehavior: dismiss and notify, webauthn:extension:credBlob: true, webauthn:extension:largeBlob: true, webauthn:virtualAuthenticators: true}
Element: [[EdgeDriver: msedge on WINDOWS (2003f71093c31b3616f94f02f5729f2b)] -&gt; xpath: //td[normalize-space()=&apos;Sam&apos;]]
Session ID: 2003f71093c31b3616f94f02f5729f2b
	at org.openqa.selenium.remote.codec.w3c.W3CHttpResponseCodec.createException(W3CHttpResponseCodec.java:200)
	at org.openqa.selenium.remote.codec.w3c.W3CHttpResponseCodec.decode(W3CHttpResponseCodec.java:133)
	at org.openqa.selenium.remote.codec.w3c.W3CHttpResponseCodec.decode(W3CHttpResponseCodec.java:53)
	at org.openqa.selenium.remote.HttpCommandExecutor.execute(HttpCommandExecutor.java:184)
	at org.openqa.selenium.remote.service.DriverCommandExecutor.invokeExecute(DriverCommandExecutor.java:167)
	at org.openqa.selenium.remote.service.DriverCommandExecutor.execute(DriverCommandExecutor.java:142)
	at org.openqa.selenium.remote.RemoteWebDriver.execute(RemoteWebDriver.java:558)
	at org.openqa.selenium.remote.RemoteWebElement.execute(RemoteWebElement.java:251)
	at org.openqa.selenium.remote.RemoteWebElement.isDisplayed(RemoteWebElement.java:307)
	at org.openqa.selenium.support.pagefactory.internal.LocatingElementHandler.invoke(LocatingElementHandler.java:52)
	at jdk.proxy2/jdk.proxy2.$Proxy16.isDisplayed(Unknown Source)
	at com.payroll.pageobjects.Clients.searchClients(Clients.java:156)
	at com.payroll.testcases.ClientTest.verifySearchByName(ClientTest.java:51)
	at java.base/java.util.ArrayList.forEach(ArrayList.java:1511)
	at java.base/java.util.concurrent.FutureTask.run(FutureTask.java:264)
	at java.base/java.util.concurrent.ThreadPoolExecutor.runWorker(ThreadPoolExecutor.java:1136)
	at java.base/java.util.concurrent.ThreadPoolExecutor$Worker.run(ThreadPoolExecutor.java:635)
	at java.base/java.lang.Thread.run(Thread.java:833)
... Removed 26 stack frames</pre></div><a href='#' onClick='toggleBox("stack-trace870760960", this, "Click to show all stack frames", "Click to hide stack frames")'>Click to show all stack frames</a>
<div class='stack-trace' id='stack-trace870760960'><pre>org.openqa.selenium.StaleElementReferenceException: stale element reference: element is not attached to the page document
  (Session info: MicrosoftEdge=101.0.1210.39)
For documentation on this error, please visit: https://selenium.dev/exceptions/#stale_element_reference
Build info: version: &apos;4.1.2&apos;, revision: &apos;9a5a329c5a&apos;
System info: host: &apos;LAPTOP-BM75QIK9&apos;, ip: &apos;192.168.29.165&apos;, os.name: &apos;Windows 10&apos;, os.arch: &apos;amd64&apos;, os.version: &apos;10.0&apos;, java.version: &apos;17.0.2&apos;
Driver info: org.openqa.selenium.edge.EdgeDriver
Command: [2003f71093c31b3616f94f02f5729f2b, isElementDisplayed {id=5e28ae5f-d9d8-4101-8300-e103223d0263}]
Capabilities {acceptInsecureCerts: false, browserName: msedge, browserVersion: 101.0.1210.39, javascriptEnabled: true, ms:edgeOptions: {debuggerAddress: localhost:62356}, msedge: {msedgedriverVersion: 101.0.1210.32 (f7af80761c68..., userDataDir: C:\Users\Binu\AppData\Local...}, networkConnectionEnabled: false, pageLoadStrategy: normal, platform: WINDOWS, platformName: WINDOWS, proxy: Proxy(), se:cdp: ws://localhost:62356/devtoo..., se:cdpVersion: 101.0.1210.39, setWindowRect: true, strictFileInteractability: false, timeouts: {implicit: 0, pageLoad: 300000, script: 30000}, unhandledPromptBehavior: dismiss and notify, webauthn:extension:credBlob: true, webauthn:extension:largeBlob: true, webauthn:virtualAuthenticators: true}
Element: [[EdgeDriver: msedge on WINDOWS (2003f71093c31b3616f94f02f5729f2b)] -&gt; xpath: //td[normalize-space()=&apos;Sam&apos;]]
Session ID: 2003f71093c31b3616f94f02f5729f2b
	at java.base/jdk.internal.reflect.NativeConstructorAccessorImpl.newInstance0(Native Method)
	at java.base/jdk.internal.reflect.NativeConstructorAccessorImpl.newInstance(NativeConstructorAccessorImpl.java:77)
	at java.base/jdk.internal.reflect.DelegatingConstructorAccessorImpl.newInstance(DelegatingConstructorAccessorImpl.java:45)
	at java.base/java.lang.reflect.Constructor.newInstanceWithCaller(Constructor.java:499)
	at java.base/java.lang.reflect.Constructor.newInstance(Constructor.java:480)
	at org.openqa.selenium.remote.codec.w3c.W3CHttpResponseCodec.createException(W3CHttpResponseCodec.java:200)
	at org.openqa.selenium.remote.codec.w3c.W3CHttpResponseCodec.decode(W3CHttpResponseCodec.java:133)
	at org.openqa.selenium.remote.codec.w3c.W3CHttpResponseCodec.decode(W3CHttpResponseCodec.java:53)
	at org.openqa.selenium.remote.HttpCommandExecutor.execute(HttpCommandExecutor.java:184)
	at org.openqa.selenium.remote.service.DriverCommandExecutor.invokeExecute(DriverCommandExecutor.java:167)
	at org.openqa.selenium.remote.service.DriverCommandExecutor.execute(DriverCommandExecutor.java:142)
	at org.openqa.selenium.remote.RemoteWebDriver.execute(RemoteWebDriver.java:558)
	at org.openqa.selenium.remote.RemoteWebElement.execute(RemoteWebElement.java:251)
	at org.openqa.selenium.remote.RemoteWebElement.isDisplayed(RemoteWebElement.java:307)
	at jdk.internal.reflect.GeneratedMethodAccessor6.invoke(Unknown Source)
	at java.base/jdk.internal.reflect.DelegatingMethodAccessorImpl.invoke(DelegatingMethodAccessorImpl.java:43)
	at java.base/java.lang.reflect.Method.invoke(Method.java:568)
	at org.openqa.selenium.support.pagefactory.internal.LocatingElementHandler.invoke(LocatingElementHandler.java:52)
	at jdk.proxy2/jdk.proxy2.$Proxy16.isDisplayed(Unknown Source)
	at com.payroll.pageobjects.Clients.searchClients(Clients.java:156)
	at com.payroll.testcases.ClientTest.verifySearchByName(ClientTest.java:51)
	at java.base/jdk.internal.reflect.NativeMethodAccessorImpl.invoke0(Native Method)
	at java.base/jdk.internal.reflect.NativeMethodAccessorImpl.invoke(NativeMethodAccessorImpl.java:77)
	at java.base/jdk.internal.reflect.DelegatingMethodAccessorImpl.invoke(DelegatingMethodAccessorImpl.java:43)
	at java.base/java.lang.reflect.Method.invoke(Method.java:568)
	at org.testng.internal.invokers.MethodInvocationHelper.invokeMethod(MethodInvocationHelper.java:135)
	at org.testng.internal.invokers.TestInvoker.invokeMethod(TestInvoker.java:673)
	at org.testng.internal.invokers.TestInvoker.invokeTestMethod(TestInvoker.java:220)
	at org.testng.internal.invokers.MethodRunner.runInSequence(MethodRunner.java:50)
	at org.testng.internal.invokers.TestInvoker$MethodInvocationAgent.invoke(TestInvoker.java:945)
	at org.testng.internal.invokers.TestInvoker.invokeTestMethods(TestInvoker.java:193)
	at org.testng.internal.invokers.TestMethodWorker.invokeTestMethods(TestMethodWorker.java:146)
	at org.testng.internal.invokers.TestMethodWorker.run(TestMethodWorker.java:128)
	at java.base/java.util.ArrayList.forEach(ArrayList.java:1511)
	at org.testng.TestRunner.privateRun(TestRunner.java:808)
	at org.testng.TestRunner.run(TestRunner.java:603)
	at org.testng.SuiteRunner.runTest(SuiteRunner.java:429)
	at org.testng.SuiteRunner.access$000(SuiteRunner.java:32)
	at org.testng.SuiteRunner$SuiteWorker.run(SuiteRunner.java:467)
	at org.testng.internal.thread.ThreadUtil.lambda$execute$0(ThreadUtil.java:58)
	at java.base/java.util.concurrent.FutureTask.run(FutureTask.java:264)
	at java.base/java.util.concurrent.ThreadPoolExecutor.runWorker(ThreadPoolExecutor.java:1136)
	at java.base/java.util.concurrent.ThreadPoolExecutor$Worker.run(ThreadPoolExecutor.java:635)
	at java.base/java.lang.Thread.run(Thread.java:833)
</pre></div></td>
<td>23</td>
<td>com.payroll.testcases.ClientTest@3feb2dda</td></tr>
<tr>
<td title='com.payroll.testcases.DeductionTest.verifyAddDeductionPage()'><b>verifyAddDeductionPage</b><br>Test class: com.payroll.testcases.DeductionTest</td>
<td><div><pre>java.lang.IndexOutOfBoundsException: Index 0 out of bounds for length 0
	at java.base/jdk.internal.util.Preconditions.outOfBounds(Preconditions.java:64)
	at java.base/jdk.internal.util.Preconditions.outOfBoundsCheckIndex(Preconditions.java:70)
	at java.base/jdk.internal.util.Preconditions.checkIndex(Preconditions.java:266)
	at java.base/java.util.Objects.checkIndex(Objects.java:359)
	at java.base/java.util.ArrayList.get(ArrayList.java:427)
	at com.payroll.pageobjects.Deduction.addDeduction(Deduction.java:65)
	at com.payroll.testcases.DeductionTest.verifyAddDeductionPage(DeductionTest.java:55)
	at java.base/java.util.ArrayList.forEach(ArrayList.java:1511)
	at java.base/java.util.concurrent.FutureTask.run(FutureTask.java:264)
	at java.base/java.util.concurrent.ThreadPoolExecutor.runWorker(ThreadPoolExecutor.java:1136)
	at java.base/java.util.concurrent.ThreadPoolExecutor$Worker.run(ThreadPoolExecutor.java:635)
	at java.base/java.lang.Thread.run(Thread.java:833)
... Removed 18 stack frames</pre></div><a href='#' onClick='toggleBox("stack-trace484750088", this, "Click to show all stack frames", "Click to hide stack frames")'>Click to show all stack frames</a>
<div class='stack-trace' id='stack-trace484750088'><pre>java.lang.IndexOutOfBoundsException: Index 0 out of bounds for length 0
	at java.base/jdk.internal.util.Preconditions.outOfBounds(Preconditions.java:64)
	at java.base/jdk.internal.util.Preconditions.outOfBoundsCheckIndex(Preconditions.java:70)
	at java.base/jdk.internal.util.Preconditions.checkIndex(Preconditions.java:266)
	at java.base/java.util.Objects.checkIndex(Objects.java:359)
	at java.base/java.util.ArrayList.get(ArrayList.java:427)
	at com.payroll.pageobjects.Deduction.addDeduction(Deduction.java:65)
	at com.payroll.testcases.DeductionTest.verifyAddDeductionPage(DeductionTest.java:55)
	at java.base/jdk.internal.reflect.NativeMethodAccessorImpl.invoke0(Native Method)
	at java.base/jdk.internal.reflect.NativeMethodAccessorImpl.invoke(NativeMethodAccessorImpl.java:77)
	at java.base/jdk.internal.reflect.DelegatingMethodAccessorImpl.invoke(DelegatingMethodAccessorImpl.java:43)
	at java.base/java.lang.reflect.Method.invoke(Method.java:568)
	at org.testng.internal.invokers.MethodInvocationHelper.invokeMethod(MethodInvocationHelper.java:135)
	at org.testng.internal.invokers.TestInvoker.invokeMethod(TestInvoker.java:673)
	at org.testng.internal.invokers.TestInvoker.invokeTestMethod(TestInvoker.java:220)
	at org.testng.internal.invokers.MethodRunner.runInSequence(MethodRunner.java:50)
	at org.testng.internal.invokers.TestInvoker$MethodInvocationAgent.invoke(TestInvoker.java:945)
	at org.testng.internal.invokers.TestInvoker.invokeTestMethods(TestInvoker.java:193)
	at org.testng.internal.invokers.TestMethodWorker.invokeTestMethods(TestMethodWorker.java:146)
	at org.testng.internal.invokers.TestMethodWorker.run(TestMethodWorker.java:128)
	at java.base/java.util.ArrayList.forEach(ArrayList.java:1511)
	at org.testng.TestRunner.privateRun(TestRunner.java:808)
	at org.testng.TestRunner.run(TestRunner.java:603)
	at org.testng.SuiteRunner.runTest(SuiteRunner.java:429)
	at org.testng.SuiteRunner.access$000(SuiteRunner.java:32)
	at org.testng.SuiteRunner$SuiteWorker.run(SuiteRunner.java:467)
	at org.testng.internal.thread.ThreadUtil.lambda$execute$0(ThreadUtil.java:58)
	at java.base/java.util.concurrent.FutureTask.run(FutureTask.java:264)
	at java.base/java.util.concurrent.ThreadPoolExecutor.runWorker(ThreadPoolExecutor.java:1136)
	at java.base/java.util.concurrent.ThreadPoolExecutor$Worker.run(ThreadPoolExecutor.java:635)
	at java.base/java.lang.Thread.run(Thread.java:833)
</pre></div></td>
<td>6</td>
<td>com.payroll.testcases.DeductionTest@69c81773</td></tr>
<tr>
<td title='com.payroll.testcases.TimesheetTest.validateTimeSheetApprove()'><b>validateTimeSheetApprove</b><br>Test class: com.payroll.testcases.TimesheetTest</td>
<td><div><pre>java.lang.AssertionError: expected [Approved] but found [Pending]
	at com.payroll.testcases.TimesheetTest.validateTimeSheetApprove(TimesheetTest.java:59)
	at java.base/java.util.ArrayList.forEach(ArrayList.java:1511)
	at java.base/java.util.concurrent.FutureTask.run(FutureTask.java:264)
	at java.base/java.util.concurrent.ThreadPoolExecutor.runWorker(ThreadPoolExecutor.java:1136)
	at java.base/java.util.concurrent.ThreadPoolExecutor$Worker.run(ThreadPoolExecutor.java:635)
	at java.base/java.lang.Thread.run(Thread.java:833)
... Removed 24 stack frames</pre></div><a href='#' onClick='toggleBox("stack-trace730386164", this, "Click to show all stack frames", "Click to hide stack frames")'>Click to show all stack frames</a>
<div class='stack-trace' id='stack-trace730386164'><pre>java.lang.AssertionError: expected [Approved] but found [Pending]
	at org.testng.Assert.fail(Assert.java:110)
	at org.testng.Assert.failNotEquals(Assert.java:1413)
	at org.testng.Assert.assertEqualsImpl(Assert.java:149)
	at org.testng.Assert.assertEquals(Assert.java:131)
	at org.testng.Assert.assertEquals(Assert.java:655)
	at org.testng.Assert.assertEquals(Assert.java:665)
	at com.payroll.testcases.TimesheetTest.validateTimeSheetApprove(TimesheetTest.java:59)
	at java.base/jdk.internal.reflect.NativeMethodAccessorImpl.invoke0(Native Method)
	at java.base/jdk.internal.reflect.NativeMethodAccessorImpl.invoke(NativeMethodAccessorImpl.java:77)
	at java.base/jdk.internal.reflect.DelegatingMethodAccessorImpl.invoke(DelegatingMethodAccessorImpl.java:43)
	at java.base/java.lang.reflect.Method.invoke(Method.java:568)
	at org.testng.internal.invokers.MethodInvocationHelper.invokeMethod(MethodInvocationHelper.java:135)
	at org.testng.internal.invokers.TestInvoker.invokeMethod(TestInvoker.java:673)
	at org.testng.internal.invokers.TestInvoker.invokeTestMethod(TestInvoker.java:220)
	at org.testng.internal.invokers.MethodRunner.runInSequence(MethodRunner.java:50)
	at org.testng.internal.invokers.TestInvoker$MethodInvocationAgent.invoke(TestInvoker.java:945)
	at org.testng.internal.invokers.TestInvoker.invokeTestMethods(TestInvoker.java:193)
	at org.testng.internal.invokers.TestMethodWorker.invokeTestMethods(TestMethodWorker.java:146)
	at org.testng.internal.invokers.TestMethodWorker.run(TestMethodWorker.java:128)
	at java.base/java.util.ArrayList.forEach(ArrayList.java:1511)
	at org.testng.TestRunner.privateRun(TestRunner.java:808)
	at org.testng.TestRunner.run(TestRunner.java:603)
	at org.testng.SuiteRunner.runTest(SuiteRunner.java:429)
	at org.testng.SuiteRunner.access$000(SuiteRunner.java:32)
	at org.testng.SuiteRunner$SuiteWorker.run(SuiteRunner.java:467)
	at org.testng.internal.thread.ThreadUtil.lambda$execute$0(ThreadUtil.java:58)
	at java.base/java.util.concurrent.FutureTask.run(FutureTask.java:264)
	at java.base/java.util.concurrent.ThreadPoolExecutor.runWorker(ThreadPoolExecutor.java:1136)
	at java.base/java.util.concurrent.ThreadPoolExecutor$Worker.run(ThreadPoolExecutor.java:635)
	at java.base/java.lang.Thread.run(Thread.java:833)
</pre></div></td>
<td>5</td>
<td>com.payroll.testcases.TimesheetTest@dc7df28</td></tr>
</table><p>
<table width='100%' border='1' class='invocation-passed'>
<tr><td colspan='4' align='center'><b>PASSED TESTS</b></td></tr>
<tr><td><b>Test method</b></td>
<td width="30%"><b>Exception</b></td>
<td width="10%"><b>Time (seconds)</b></td>
<td><b>Instance</b></td>
</tr>
<tr>
<td title='com.payroll.testcases.WorkersTest.createNewWorker1()'><b>createNewWorker1</b><br>Test class: com.payroll.testcases.WorkersTest</td>
<td></td>
<td>44</td>
<td>com.payroll.testcases.WorkersTest@54422e18</td></tr>
<tr>
<td title='com.payroll.testcases.LoginTest.validateReset()'><b>validateReset</b><br>Test class: com.payroll.testcases.LoginTest</td>
<td></td>
<td>4</td>
<td>com.payroll.testcases.LoginTest@6e2829c7</td></tr>
<tr>
<td title='com.payroll.testcases.PayslipTest.validateDownloadPayslip()'><b>validateDownloadPayslip</b><br>Test class: com.payroll.testcases.PayslipTest</td>
<td></td>
<td>47</td>
<td>com.payroll.testcases.PayslipTest@30f842ca</td></tr>
<tr>
<td title='com.payroll.testcases.PayslipTest.validatePagination()'><b>validatePagination</b><br>Test class: com.payroll.testcases.PayslipTest</td>
<td></td>
<td>6</td>
<td>com.payroll.testcases.PayslipTest@30f842ca</td></tr>
<tr>
<td title='com.payroll.testcases.ReportTest.verifyClientSearch()'><b>verifyClientSearch</b><br>Test class: com.payroll.testcases.ReportTest</td>
<td></td>
<td>7</td>
<td>com.payroll.testcases.ReportTest@55de24cc</td></tr>
<tr>
<td title='com.payroll.testcases.ClientTest.verifyEditExistingClient()'><b>verifyEditExistingClient</b><br>Test class: com.payroll.testcases.ClientTest</td>
<td></td>
<td>5</td>
<td>com.payroll.testcases.ClientTest@3feb2dda</td></tr>
<tr>
<td title='com.payroll.testcases.LoginTest.validateInvalidLogin1()'><b>validateInvalidLogin1</b><br>Test class: com.payroll.testcases.LoginTest<br>Parameters: admin, admin123</td>
<td></td>
<td>0</td>
<td>com.payroll.testcases.LoginTest@6e2829c7</td></tr>
<tr>
<td title='com.payroll.testcases.HomePageTest.homeValidateLogo()'><b>homeValidateLogo</b><br>Test class: com.payroll.testcases.HomePageTest</td>
<td></td>
<td>5</td>
<td>com.payroll.testcases.HomePageTest@1c742ed4</td></tr>
<tr>
<td title='com.payroll.testcases.ReportTest.verifyGraphicalData()'><b>verifyGraphicalData</b><br>Test class: com.payroll.testcases.ReportTest</td>
<td></td>
<td>12</td>
<td>com.payroll.testcases.ReportTest@55de24cc</td></tr>
<tr>
<td title='com.payroll.testcases.ClientTest.verifyClientSearch()'><b>verifyClientSearch</b><br>Test class: com.payroll.testcases.ClientTest</td>
<td></td>
<td>6</td>
<td>com.payroll.testcases.ClientTest@3feb2dda</td></tr>
<tr>
<td title='com.payroll.testcases.DeductionTest.verifyDeductionWorkersEyeBtn()'><b>verifyDeductionWorkersEyeBtn</b><br>Test class: com.payroll.testcases.DeductionTest</td>
<td></td>
<td>3</td>
<td>com.payroll.testcases.DeductionTest@69c81773</td></tr>
<tr>
<td title='com.payroll.testcases.LoginTest.validateInvalidLogin()'><b>validateInvalidLogin</b><br>Test class: com.payroll.testcases.LoginTest</td>
<td></td>
<td>0</td>
<td>com.payroll.testcases.LoginTest@6e2829c7</td></tr>
<tr>
<td title='com.payroll.testcases.ClientTest.verifySearchByID()'><b>verifySearchByID</b><br>Test class: com.payroll.testcases.ClientTest</td>
<td></td>
<td>4</td>
<td>com.payroll.testcases.ClientTest@3feb2dda</td></tr>
<tr>
<td title='com.payroll.testcases.WorkersTest.verifyFirstNameSearchBtn()'><b>verifyFirstNameSearchBtn</b><br>Test class: com.payroll.testcases.WorkersTest</td>
<td></td>
<td>5</td>
<td>com.payroll.testcases.WorkersTest@54422e18</td></tr>
<tr>
<td title='com.payroll.testcases.ClientTest.verifyCreateClient()'><b>verifyCreateClient</b><br>Test class: com.payroll.testcases.ClientTest</td>
<td></td>
<td>36</td>
<td>com.payroll.testcases.ClientTest@3feb2dda</td></tr>
<tr>
<td title='com.payroll.testcases.LoginTest.validateURL()'><b>validateURL</b><br>Test class: com.payroll.testcases.LoginTest</td>
<td></td>
<td>0</td>
<td>com.payroll.testcases.LoginTest@6e2829c7</td></tr>
<tr>
<td title='com.payroll.testcases.LogoutTest.logoutFullProfileLinkVerify()'><b>logoutFullProfileLinkVerify</b><br>Test class: com.payroll.testcases.LogoutTest</td>
<td></td>
<td>4</td>
<td>com.payroll.testcases.LogoutTest@6a8658ff</td></tr>
<tr>
<td title='com.payroll.testcases.WorkersTest.verifyCreateWorkerPossible()'><b>verifyCreateWorkerPossible</b><br>Test class: com.payroll.testcases.WorkersTest</td>
<td></td>
<td>12</td>
<td>com.payroll.testcases.WorkersTest@54422e18</td></tr>
<tr>
<td title='com.payroll.testcases.PayslipTest.verifyPaySlipSummary()'><b>verifyPaySlipSummary</b><br>Test class: com.payroll.testcases.PayslipTest</td>
<td></td>
<td>4</td>
<td>com.payroll.testcases.PayslipTest@30f842ca</td></tr>
<tr>
<td title='com.payroll.testcases.LoginTest.validateInvalidLogin1()'><b>validateInvalidLogin1</b><br>Test class: com.payroll.testcases.LoginTest<br>Parameters: admi, admin1234</td>
<td></td>
<td>4</td>
<td>com.payroll.testcases.LoginTest@6e2829c7</td></tr>
<tr>
<td title='com.payroll.testcases.LogoutTest.logoutVerify()'><b>logoutVerify</b><br>Test class: com.payroll.testcases.LogoutTest</td>
<td></td>
<td>3</td>
<td>com.payroll.testcases.LogoutTest@6a8658ff</td></tr>
<tr>
<td title='com.payroll.testcases.HomePageTest.validateHomeScreenMesg()'><b>validateHomeScreenMesg</b><br>Test class: com.payroll.testcases.HomePageTest</td>
<td></td>
<td>7</td>
<td>com.payroll.testcases.HomePageTest@1c742ed4</td></tr>
<tr>
<td title='com.payroll.testcases.CompanyTest.companyBtnVerifyAlertMesg()'><b>companyBtnVerifyAlertMesg</b><br>Test class: com.payroll.testcases.CompanyTest</td>
<td></td>
<td>3</td>
<td>com.payroll.testcases.CompanyTest@333d4a8c</td></tr>
<tr>
<td title='com.payroll.testcases.WorkersTest.verifyClientSearch()'><b>verifyClientSearch</b><br>Test class: com.payroll.testcases.WorkersTest</td>
<td></td>
<td>5</td>
<td>com.payroll.testcases.WorkersTest@54422e18</td></tr>
<tr>
<td title='com.payroll.testcases.ReportTest.verifyExportPageDetails()'><b>verifyExportPageDetails</b><br>Test class: com.payroll.testcases.ReportTest</td>
<td></td>
<td>8</td>
<td>com.payroll.testcases.ReportTest@55de24cc</td></tr>
<tr>
<td title='com.payroll.testcases.LoginTest.loginTestTitle()'><b>loginTestTitle</b><br>Test class: com.payroll.testcases.LoginTest</td>
<td></td>
<td>3</td>
<td>com.payroll.testcases.LoginTest@6e2829c7</td></tr>
<tr>
<td title='com.payroll.testcases.CompanyTest.companyBtnVerify()'><b>companyBtnVerify</b><br>Test class: com.payroll.testcases.CompanyTest</td>
<td></td>
<td>3</td>
<td>com.payroll.testcases.CompanyTest@333d4a8c</td></tr>
<tr>
<td title='com.payroll.testcases.TimesheetTest.generatePaySlipUpload()'><b>generatePaySlipUpload</b><br>Test class: com.payroll.testcases.TimesheetTest</td>
<td></td>
<td>12</td>
<td>com.payroll.testcases.TimesheetTest@dc7df28</td></tr>
<tr>
<td title='com.payroll.testcases.DeductionTest.verifyClientSearch()'><b>verifyClientSearch</b><br>Test class: com.payroll.testcases.DeductionTest</td>
<td></td>
<td>5</td>
<td>com.payroll.testcases.DeductionTest@69c81773</td></tr>
<tr>
<td title='com.payroll.testcases.ClientTest.viewExistingUserVerify()'><b>viewExistingUserVerify</b><br>Test class: com.payroll.testcases.ClientTest</td>
<td></td>
<td>8</td>
<td>com.payroll.testcases.ClientTest@3feb2dda</td></tr>
</table><p>
</body>
</html>